{"/Volumes/Data/React Native/Assignmnet/RNAssesment/Git/Assesment/source/components/FormButton.js": {"path":"/Volumes/Data/React Native/Assignmnet/RNAssesment/Git/Assesment/source/components/FormButton.js","statementMap":{"0":{"start":{"line":8,"column":19},"end":{"line":15,"column":1}},"1":{"start":{"line":9,"column":64},"end":{"line":9,"column":69}},"2":{"start":{"line":10,"column":4},"end":{"line":14,"column":5}},"3":{"start":{"line":11,"column":84},"end":{"line":11,"column":93}},"4":{"start":{"line":17,"column":15},"end":{"line":31,"column":2}},"5":{"start":{"line":33,"column":0},"end":{"line":38,"column":2}},"6":{"start":{"line":40,"column":0},"end":{"line":45,"column":2}}},"fnMap":{"0":{"name":"(anonymous_0)","decl":{"start":{"line":8,"column":19},"end":{"line":8,"column":20}},"loc":{"start":{"line":8,"column":30},"end":{"line":15,"column":1}},"line":8},"1":{"name":"(anonymous_1)","decl":{"start":{"line":11,"column":78},"end":{"line":11,"column":79}},"loc":{"start":{"line":11,"column":84},"end":{"line":11,"column":93}},"line":11},"2":{"name":"(anonymous_2)","decl":{"start":{"line":44,"column":13},"end":{"line":44,"column":14}},"loc":{"start":{"line":44,"column":19},"end":{"line":44,"column":22}},"line":44}},"branchMap":{"0":{"loc":{"start":{"line":9,"column":40},"end":{"line":9,"column":50}},"type":"default-arg","locations":[{"start":{"line":9,"column":48},"end":{"line":9,"column":50}}],"line":9}},"s":{"0":1,"1":1,"2":1,"3":0,"4":1,"5":1,"6":1},"f":{"0":1,"1":0,"2":0},"b":{"0":[0]},"_coverageSchema":"1a1c01bbd47fc00a2c39e90264f33305004495a9","hash":"8a3a3e778e51771d42fbc72f899b8e4476f49622"}
,"/Volumes/Data/React Native/Assignmnet/RNAssesment/Git/Assesment/source/components/FormSwipeButton.js": {"path":"/Volumes/Data/React Native/Assignmnet/RNAssesment/Git/Assesment/source/components/FormSwipeButton.js","statementMap":{"0":{"start":{"line":9,"column":4},"end":{"line":9,"column":17}},"1":{"start":{"line":10,"column":4},"end":{"line":10,"column":28}},"2":{"start":{"line":11,"column":4},"end":{"line":11,"column":24}},"3":{"start":{"line":12,"column":4},"end":{"line":15,"column":6}},"4":{"start":{"line":16,"column":4},"end":{"line":47,"column":7}},"5":{"start":{"line":18,"column":8},"end":{"line":18,"column":20}},"6":{"start":{"line":20,"column":66},"end":{"line":20,"column":70}},"7":{"start":{"line":22,"column":8},"end":{"line":22,"column":33}},"8":{"start":{"line":25,"column":8},"end":{"line":25,"column":20}},"9":{"start":{"line":28,"column":8},"end":{"line":28,"column":32}},"10":{"start":{"line":31,"column":8},"end":{"line":39,"column":9}},"11":{"start":{"line":32,"column":25},"end":{"line":32,"column":73}},"12":{"start":{"line":33,"column":10},"end":{"line":38,"column":11}},"13":{"start":{"line":34,"column":12},"end":{"line":34,"column":56}},"14":{"start":{"line":35,"column":17},"end":{"line":38,"column":11}},"15":{"start":{"line":36,"column":12},"end":{"line":36,"column":32}},"16":{"start":{"line":37,"column":12},"end":{"line":37,"column":19}},"17":{"start":{"line":41,"column":63},"end":{"line":41,"column":67}},"18":{"start":{"line":43,"column":8},"end":{"line":43,"column":24}},"19":{"start":{"line":44,"column":8},"end":{"line":44,"column":32}},"20":{"start":{"line":46,"column":59},"end":{"line":46,"column":63}},"21":{"start":{"line":50,"column":17},"end":{"line":54,"column":3}},"22":{"start":{"line":51,"column":4},"end":{"line":51,"column":50}},"23":{"start":{"line":52,"column":4},"end":{"line":52,"column":29}},"24":{"start":{"line":53,"column":4},"end":{"line":53,"column":20}},"25":{"start":{"line":57,"column":4},"end":{"line":57,"column":87}},"26":{"start":{"line":61,"column":4},"end":{"line":87,"column":6}},"27":{"start":{"line":64,"column":10},"end":{"line":64,"column":59}},"28":{"start":{"line":70,"column":12},"end":{"line":70,"column":75}},"29":{"start":{"line":91,"column":0},"end":{"line":97,"column":2}},"30":{"start":{"line":99,"column":0},"end":{"line":105,"column":2}}},"fnMap":{"0":{"name":"(anonymous_0)","decl":{"start":{"line":8,"column":2},"end":{"line":8,"column":3}},"loc":{"start":{"line":8,"column":21},"end":{"line":48,"column":3}},"line":8},"1":{"name":"(anonymous_1)","decl":{"start":{"line":17,"column":36},"end":{"line":17,"column":37}},"loc":{"start":{"line":17,"column":59},"end":{"line":19,"column":7}},"line":17},"2":{"name":"(anonymous_2)","decl":{"start":{"line":20,"column":43},"end":{"line":20,"column":44}},"loc":{"start":{"line":20,"column":66},"end":{"line":20,"column":70}},"line":20},"3":{"name":"(anonymous_3)","decl":{"start":{"line":21,"column":35},"end":{"line":21,"column":36}},"loc":{"start":{"line":21,"column":58},"end":{"line":23,"column":7}},"line":21},"4":{"name":"(anonymous_4)","decl":{"start":{"line":24,"column":42},"end":{"line":24,"column":43}},"loc":{"start":{"line":24,"column":65},"end":{"line":26,"column":7}},"line":24},"5":{"name":"(anonymous_5)","decl":{"start":{"line":27,"column":27},"end":{"line":27,"column":28}},"loc":{"start":{"line":27,"column":50},"end":{"line":29,"column":7}},"line":27},"6":{"name":"(anonymous_6)","decl":{"start":{"line":30,"column":26},"end":{"line":30,"column":27}},"loc":{"start":{"line":30,"column":49},"end":{"line":40,"column":7}},"line":30},"7":{"name":"(anonymous_7)","decl":{"start":{"line":41,"column":40},"end":{"line":41,"column":41}},"loc":{"start":{"line":41,"column":63},"end":{"line":41,"column":67}},"line":41},"8":{"name":"(anonymous_8)","decl":{"start":{"line":42,"column":29},"end":{"line":42,"column":30}},"loc":{"start":{"line":42,"column":52},"end":{"line":45,"column":7}},"line":42},"9":{"name":"(anonymous_9)","decl":{"start":{"line":46,"column":36},"end":{"line":46,"column":37}},"loc":{"start":{"line":46,"column":59},"end":{"line":46,"column":63}},"line":46},"10":{"name":"(anonymous_10)","decl":{"start":{"line":50,"column":17},"end":{"line":50,"column":18}},"loc":{"start":{"line":50,"column":23},"end":{"line":54,"column":3}},"line":50},"11":{"name":"(anonymous_11)","decl":{"start":{"line":56,"column":2},"end":{"line":56,"column":3}},"loc":{"start":{"line":56,"column":13},"end":{"line":58,"column":3}},"line":56},"12":{"name":"(anonymous_12)","decl":{"start":{"line":60,"column":2},"end":{"line":60,"column":3}},"loc":{"start":{"line":60,"column":11},"end":{"line":88,"column":3}},"line":60},"13":{"name":"(anonymous_13)","decl":{"start":{"line":63,"column":18},"end":{"line":63,"column":19}},"loc":{"start":{"line":63,"column":27},"end":{"line":65,"column":9}},"line":63},"14":{"name":"(anonymous_14)","decl":{"start":{"line":69,"column":20},"end":{"line":69,"column":21}},"loc":{"start":{"line":69,"column":29},"end":{"line":71,"column":11}},"line":69},"15":{"name":"(anonymous_15)","decl":{"start":{"line":103,"column":16},"end":{"line":103,"column":17}},"loc":{"start":{"line":103,"column":22},"end":{"line":103,"column":24}},"line":103}},"branchMap":{"0":{"loc":{"start":{"line":31,"column":8},"end":{"line":39,"column":9}},"type":"if","locations":[{"start":{"line":31,"column":8},"end":{"line":39,"column":9}},{"start":{"line":31,"column":8},"end":{"line":39,"column":9}}],"line":31},"1":{"loc":{"start":{"line":33,"column":10},"end":{"line":38,"column":11}},"type":"if","locations":[{"start":{"line":33,"column":10},"end":{"line":38,"column":11}},{"start":{"line":33,"column":10},"end":{"line":38,"column":11}}],"line":33},"2":{"loc":{"start":{"line":33,"column":14},"end":{"line":33,"column":62}},"type":"binary-expr","locations":[{"start":{"line":33,"column":14},"end":{"line":33,"column":33}},{"start":{"line":33,"column":37},"end":{"line":33,"column":62}}],"line":33},"3":{"loc":{"start":{"line":35,"column":17},"end":{"line":38,"column":11}},"type":"if","locations":[{"start":{"line":35,"column":17},"end":{"line":38,"column":11}},{"start":{"line":35,"column":17},"end":{"line":38,"column":11}}],"line":35},"4":{"loc":{"start":{"line":51,"column":4},"end":{"line":51,"column":49}},"type":"binary-expr","locations":[{"start":{"line":51,"column":4},"end":{"line":51,"column":20}},{"start":{"line":51,"column":24},"end":{"line":51,"column":49}}],"line":51}},"s":{"0":0,"1":0,"2":0,"3":0,"4":0,"5":0,"6":0,"7":0,"8":0,"9":0,"10":0,"11":0,"12":0,"13":0,"14":0,"15":0,"16":0,"17":0,"18":0,"19":0,"20":0,"21":0,"22":0,"23":0,"24":0,"25":0,"26":0,"27":0,"28":0,"29":1,"30":1},"f":{"0":0,"1":0,"2":0,"3":0,"4":0,"5":0,"6":0,"7":0,"8":0,"9":0,"10":0,"11":0,"12":0,"13":0,"14":0,"15":0},"b":{"0":[0,0],"1":[0,0],"2":[0,0],"3":[0,0],"4":[0,0]},"_coverageSchema":"1a1c01bbd47fc00a2c39e90264f33305004495a9","hash":"c5f8bdbcb5ea0795560469c772f850b9b579dfa8"}
,"/Volumes/Data/React Native/Assignmnet/RNAssesment/Git/Assesment/source/components/FormText.js": {"path":"/Volumes/Data/React Native/Assignmnet/RNAssesment/Git/Assesment/source/components/FormText.js","statementMap":{"0":{"start":{"line":5,"column":17},"end":{"line":14,"column":1}},"1":{"start":{"line":7,"column":50},"end":{"line":7,"column":55}},"2":{"start":{"line":9,"column":4},"end":{"line":13,"column":5}},"3":{"start":{"line":16,"column":0},"end":{"line":20,"column":2}},"4":{"start":{"line":22,"column":0},"end":{"line":25,"column":2}}},"fnMap":{"0":{"name":"(anonymous_0)","decl":{"start":{"line":5,"column":17},"end":{"line":5,"column":18}},"loc":{"start":{"line":5,"column":28},"end":{"line":14,"column":1}},"line":5}},"branchMap":{},"s":{"0":1,"1":2,"2":2,"3":1,"4":1},"f":{"0":2},"b":{},"_coverageSchema":"1a1c01bbd47fc00a2c39e90264f33305004495a9","hash":"0ec3171739b42c1f67c50887f62d1b5234c8d61b"}
,"/Volumes/Data/React Native/Assignmnet/RNAssesment/Git/Assesment/source/components/FormTextInput.js": {"path":"/Volumes/Data/React Native/Assignmnet/RNAssesment/Git/Assesment/source/components/FormTextInput.js","statementMap":{"0":{"start":{"line":7,"column":22},"end":{"line":19,"column":1}},"1":{"start":{"line":9,"column":66},"end":{"line":9,"column":71}},"2":{"start":{"line":11,"column":4},"end":{"line":18,"column":5}},"3":{"start":{"line":21,"column":15},"end":{"line":35,"column":2}},"4":{"start":{"line":37,"column":0},"end":{"line":40,"column":2}},"5":{"start":{"line":42,"column":0},"end":{"line":45,"column":2}}},"fnMap":{"0":{"name":"(anonymous_0)","decl":{"start":{"line":7,"column":22},"end":{"line":7,"column":23}},"loc":{"start":{"line":7,"column":33},"end":{"line":19,"column":1}},"line":7}},"branchMap":{},"s":{"0":1,"1":1,"2":1,"3":1,"4":1,"5":1},"f":{"0":1},"b":{},"_coverageSchema":"1a1c01bbd47fc00a2c39e90264f33305004495a9","hash":"c80f37a328b7278d90f846f61a880d649136e272"}
,"/Volumes/Data/React Native/Assignmnet/RNAssesment/Git/Assesment/source/components/index.js": {"path":"/Volumes/Data/React Native/Assignmnet/RNAssesment/Git/Assesment/source/components/index.js","statementMap":{},"fnMap":{},"branchMap":{},"s":{},"f":{},"b":{},"_coverageSchema":"1a1c01bbd47fc00a2c39e90264f33305004495a9","hash":"60568370a665722028526c719ff17dedb8417b73"}
,"/Volumes/Data/React Native/Assignmnet/RNAssesment/Git/Assesment/source/constants/AppConstants.js": {"path":"/Volumes/Data/React Native/Assignmnet/RNAssesment/Git/Assesment/source/constants/AppConstants.js","statementMap":{"0":{"start":{"line":3,"column":32},"end":{"line":7,"column":1}}},"fnMap":{},"branchMap":{},"s":{"0":1},"f":{},"b":{},"_coverageSchema":"1a1c01bbd47fc00a2c39e90264f33305004495a9","hash":"8af328f6fed44168230be104871b624d3b18d23f"}
,"/Volumes/Data/React Native/Assignmnet/RNAssesment/Git/Assesment/source/constants/ColorConstants.js": {"path":"/Volumes/Data/React Native/Assignmnet/RNAssesment/Git/Assesment/source/constants/ColorConstants.js","statementMap":{"0":{"start":{"line":1,"column":30},"end":{"line":7,"column":1}}},"fnMap":{},"branchMap":{},"s":{"0":1},"f":{},"b":{},"_coverageSchema":"1a1c01bbd47fc00a2c39e90264f33305004495a9","hash":"be28357d5e9f188d88ff8d3db78a6393568f3adb"}
,"/Volumes/Data/React Native/Assignmnet/RNAssesment/Git/Assesment/source/constants/FontSize.js": {"path":"/Volumes/Data/React Native/Assignmnet/RNAssesment/Git/Assesment/source/constants/FontSize.js","statementMap":{"0":{"start":{"line":3,"column":17},"end":{"line":10,"column":1}}},"fnMap":{},"branchMap":{},"s":{"0":1},"f":{},"b":{},"_coverageSchema":"1a1c01bbd47fc00a2c39e90264f33305004495a9","hash":"50ae9275907ceb2b1c0e89db9dd889ee37ac6380"}
,"/Volumes/Data/React Native/Assignmnet/RNAssesment/Git/Assesment/source/constants/NotificationMessage.js": {"path":"/Volumes/Data/React Native/Assignmnet/RNAssesment/Git/Assesment/source/constants/NotificationMessage.js","statementMap":{"0":{"start":{"line":5,"column":20},"end":{"line":12,"column":5}},"1":{"start":{"line":14,"column":4},"end":{"line":14,"column":25}},"2":{"start":{"line":18,"column":18},"end":{"line":24,"column":5}},"3":{"start":{"line":26,"column":4},"end":{"line":30,"column":5}},"4":{"start":{"line":27,"column":8},"end":{"line":27,"column":76}},"5":{"start":{"line":29,"column":8},"end":{"line":29,"column":49}},"6":{"start":{"line":32,"column":4},"end":{"line":32,"column":25}}},"fnMap":{"0":{"name":"showSimpleMessage","decl":{"start":{"line":4,"column":9},"end":{"line":4,"column":26}},"loc":{"start":{"line":4,"column":57},"end":{"line":15,"column":1}},"line":4},"1":{"name":"messageWithPosition","decl":{"start":{"line":17,"column":9},"end":{"line":17,"column":28}},"loc":{"start":{"line":17,"column":82},"end":{"line":33,"column":1}},"line":17}},"branchMap":{"0":{"loc":{"start":{"line":4,"column":27},"end":{"line":4,"column":43}},"type":"default-arg","locations":[{"start":{"line":4,"column":34},"end":{"line":4,"column":43}}],"line":4},"1":{"loc":{"start":{"line":4,"column":45},"end":{"line":4,"column":55}},"type":"default-arg","locations":[{"start":{"line":4,"column":53},"end":{"line":4,"column":55}}],"line":4},"2":{"loc":{"start":{"line":17,"column":29},"end":{"line":17,"column":45}},"type":"default-arg","locations":[{"start":{"line":17,"column":40},"end":{"line":17,"column":45}}],"line":17},"3":{"loc":{"start":{"line":17,"column":47},"end":{"line":17,"column":68}},"type":"default-arg","locations":[{"start":{"line":17,"column":64},"end":{"line":17,"column":68}}],"line":17},"4":{"loc":{"start":{"line":17,"column":70},"end":{"line":17,"column":80}},"type":"default-arg","locations":[{"start":{"line":17,"column":78},"end":{"line":17,"column":80}}],"line":17},"5":{"loc":{"start":{"line":26,"column":4},"end":{"line":30,"column":5}},"type":"if","locations":[{"start":{"line":26,"column":4},"end":{"line":30,"column":5}},{"start":{"line":26,"column":4},"end":{"line":30,"column":5}}],"line":26}},"s":{"0":0,"1":0,"2":0,"3":0,"4":0,"5":0,"6":0},"f":{"0":0,"1":0},"b":{"0":[0],"1":[0],"2":[0],"3":[0],"4":[0],"5":[0,0]},"_coverageSchema":"1a1c01bbd47fc00a2c39e90264f33305004495a9","hash":"9240b1d1dead082160ee388a01e3f73b291cf2a9"}
,"/Volumes/Data/React Native/Assignmnet/RNAssesment/Git/Assesment/source/navigation/NavigationService.js": {"path":"/Volumes/Data/React Native/Assignmnet/RNAssesment/Git/Assesment/source/navigation/NavigationService.js","statementMap":{"0":{"start":{"line":4,"column":29},"end":{"line":4,"column":46}},"1":{"start":{"line":7,"column":4},"end":{"line":7,"column":74}},"2":{"start":{"line":11,"column":4},"end":{"line":11,"column":59}},"3":{"start":{"line":15,"column":4},"end":{"line":15,"column":72}},"4":{"start":{"line":19,"column":4},"end":{"line":19,"column":91}},"5":{"start":{"line":23,"column":4},"end":{"line":23,"column":79}},"6":{"start":{"line":27,"column":4},"end":{"line":27,"column":84}}},"fnMap":{"0":{"name":"navigate","decl":{"start":{"line":6,"column":9},"end":{"line":6,"column":17}},"loc":{"start":{"line":6,"column":32},"end":{"line":8,"column":1}},"line":6},"1":{"name":"goBack","decl":{"start":{"line":10,"column":9},"end":{"line":10,"column":15}},"loc":{"start":{"line":10,"column":18},"end":{"line":12,"column":1}},"line":10},"2":{"name":"replace","decl":{"start":{"line":14,"column":9},"end":{"line":14,"column":16}},"loc":{"start":{"line":14,"column":29},"end":{"line":16,"column":1}},"line":14},"3":{"name":"push","decl":{"start":{"line":18,"column":9},"end":{"line":18,"column":13}},"loc":{"start":{"line":18,"column":26},"end":{"line":20,"column":1}},"line":18},"4":{"name":"pop","decl":{"start":{"line":22,"column":9},"end":{"line":22,"column":12}},"loc":{"start":{"line":22,"column":15},"end":{"line":24,"column":1}},"line":22},"5":{"name":"popToTop","decl":{"start":{"line":26,"column":9},"end":{"line":26,"column":17}},"loc":{"start":{"line":26,"column":20},"end":{"line":28,"column":1}},"line":26}},"branchMap":{"0":{"loc":{"start":{"line":7,"column":4},"end":{"line":7,"column":73}},"type":"binary-expr","locations":[{"start":{"line":7,"column":4},"end":{"line":7,"column":25}},{"start":{"line":7,"column":29},"end":{"line":7,"column":73}}],"line":7},"1":{"loc":{"start":{"line":11,"column":4},"end":{"line":11,"column":59}},"type":"binary-expr","locations":[{"start":{"line":11,"column":4},"end":{"line":11,"column":25}},{"start":{"line":11,"column":29},"end":{"line":11,"column":59}}],"line":11},"2":{"loc":{"start":{"line":15,"column":4},"end":{"line":15,"column":71}},"type":"binary-expr","locations":[{"start":{"line":15,"column":4},"end":{"line":15,"column":25}},{"start":{"line":15,"column":29},"end":{"line":15,"column":71}}],"line":15},"3":{"loc":{"start":{"line":19,"column":4},"end":{"line":19,"column":91}},"type":"binary-expr","locations":[{"start":{"line":19,"column":4},"end":{"line":19,"column":25}},{"start":{"line":19,"column":29},"end":{"line":19,"column":91}}],"line":19},"4":{"loc":{"start":{"line":23,"column":4},"end":{"line":23,"column":79}},"type":"binary-expr","locations":[{"start":{"line":23,"column":4},"end":{"line":23,"column":25}},{"start":{"line":23,"column":29},"end":{"line":23,"column":79}}],"line":23},"5":{"loc":{"start":{"line":27,"column":4},"end":{"line":27,"column":84}},"type":"binary-expr","locations":[{"start":{"line":27,"column":4},"end":{"line":27,"column":25}},{"start":{"line":27,"column":29},"end":{"line":27,"column":84}}],"line":27}},"s":{"0":1,"1":0,"2":0,"3":0,"4":0,"5":0,"6":0},"f":{"0":0,"1":0,"2":0,"3":0,"4":0,"5":0},"b":{"0":[0,0],"1":[0,0],"2":[0,0],"3":[0,0],"4":[0,0],"5":[0,0]},"_coverageSchema":"1a1c01bbd47fc00a2c39e90264f33305004495a9","hash":"85631dbc2c6402299de6dcdd3d1ba3292a0b06a9"}
,"/Volumes/Data/React Native/Assignmnet/RNAssesment/Git/Assesment/source/provider/UserProvider.js": {"path":"/Volumes/Data/React Native/Assignmnet/RNAssesment/Git/Assesment/source/provider/UserProvider.js","statementMap":{"0":{"start":{"line":4,"column":20},"end":{"line":4,"column":45}},"1":{"start":{"line":6,"column":21},"end":{"line":15,"column":1}},"2":{"start":{"line":8,"column":31},"end":{"line":8,"column":43}},"3":{"start":{"line":10,"column":4},"end":{"line":14,"column":5}},"4":{"start":{"line":17,"column":29},"end":{"line":17,"column":58}},"5":{"start":{"line":17,"column":35},"end":{"line":17,"column":58}}},"fnMap":{"0":{"name":"(anonymous_0)","decl":{"start":{"line":6,"column":21},"end":{"line":6,"column":22}},"loc":{"start":{"line":6,"column":32},"end":{"line":15,"column":1}},"line":6},"1":{"name":"(anonymous_1)","decl":{"start":{"line":17,"column":29},"end":{"line":17,"column":30}},"loc":{"start":{"line":17,"column":35},"end":{"line":17,"column":58}},"line":17}},"branchMap":{},"s":{"0":1,"1":1,"2":0,"3":0,"4":1,"5":1},"f":{"0":0,"1":1},"b":{},"_coverageSchema":"1a1c01bbd47fc00a2c39e90264f33305004495a9","hash":"8eecaf681d8a25e7044ffd58d8f44e232f2d7cfb"}
,"/Volumes/Data/React Native/Assignmnet/RNAssesment/Git/Assesment/source/screens/Welcome/Welcome.js": {"path":"/Volumes/Data/React Native/Assignmnet/RNAssesment/Git/Assesment/source/screens/Welcome/Welcome.js","statementMap":{"0":{"start":{"line":15,"column":16},"end":{"line":61,"column":1}},"1":{"start":{"line":17,"column":23},"end":{"line":17,"column":38}},"2":{"start":{"line":19,"column":21},"end":{"line":19,"column":54}},"3":{"start":{"line":21,"column":36},"end":{"line":21,"column":48}},"4":{"start":{"line":24,"column":8},"end":{"line":27,"column":9}},"5":{"start":{"line":25,"column":12},"end":{"line":25,"column":115}},"6":{"start":{"line":26,"column":12},"end":{"line":26,"column":18}},"7":{"start":{"line":28,"column":8},"end":{"line":28,"column":62}},"8":{"start":{"line":29,"column":8},"end":{"line":29,"column":57}},"9":{"start":{"line":33,"column":8},"end":{"line":33,"column":52}},"10":{"start":{"line":37,"column":8},"end":{"line":42,"column":9}},"11":{"start":{"line":45,"column":4},"end":{"line":60,"column":5}},"12":{"start":{"line":55,"column":45},"end":{"line":55,"column":63}},"13":{"start":{"line":57,"column":59},"end":{"line":57,"column":71}},"14":{"start":{"line":63,"column":15},"end":{"line":102,"column":2}}},"fnMap":{"0":{"name":"(anonymous_0)","decl":{"start":{"line":15,"column":16},"end":{"line":15,"column":17}},"loc":{"start":{"line":15,"column":22},"end":{"line":61,"column":1}},"line":15},"1":{"name":"onTapEnter","decl":{"start":{"line":23,"column":13},"end":{"line":23,"column":23}},"loc":{"start":{"line":23,"column":26},"end":{"line":30,"column":5}},"line":23},"2":{"name":"isSimulator","decl":{"start":{"line":32,"column":13},"end":{"line":32,"column":24}},"loc":{"start":{"line":32,"column":27},"end":{"line":34,"column":5}},"line":32},"3":{"name":"renderDeviceCheck","decl":{"start":{"line":36,"column":13},"end":{"line":36,"column":30}},"loc":{"start":{"line":36,"column":33},"end":{"line":43,"column":5}},"line":36},"4":{"name":"(anonymous_4)","decl":{"start":{"line":55,"column":34},"end":{"line":55,"column":35}},"loc":{"start":{"line":55,"column":45},"end":{"line":55,"column":63}},"line":55},"5":{"name":"(anonymous_5)","decl":{"start":{"line":57,"column":53},"end":{"line":57,"column":54}},"loc":{"start":{"line":57,"column":59},"end":{"line":57,"column":71}},"line":57}},"branchMap":{"0":{"loc":{"start":{"line":19,"column":21},"end":{"line":19,"column":54}},"type":"binary-expr","locations":[{"start":{"line":19,"column":21},"end":{"line":19,"column":31}},{"start":{"line":19,"column":35},"end":{"line":19,"column":54}}],"line":19},"1":{"loc":{"start":{"line":24,"column":8},"end":{"line":27,"column":9}},"type":"if","locations":[{"start":{"line":24,"column":8},"end":{"line":27,"column":9}},{"start":{"line":24,"column":8},"end":{"line":27,"column":9}}],"line":24},"2":{"loc":{"start":{"line":33,"column":15},"end":{"line":33,"column":52}},"type":"cond-expr","locations":[{"start":{"line":33,"column":36},"end":{"line":33,"column":42}},{"start":{"line":33,"column":45},"end":{"line":33,"column":52}}],"line":33}},"s":{"0":1,"1":1,"2":1,"3":1,"4":0,"5":0,"6":0,"7":0,"8":0,"9":1,"10":1,"11":1,"12":0,"13":0,"14":1},"f":{"0":1,"1":0,"2":1,"3":1,"4":0,"5":0},"b":{"0":[1,0],"1":[0,0],"2":[0,1]},"_coverageSchema":"1a1c01bbd47fc00a2c39e90264f33305004495a9","hash":"b8d249fc4ef87806e8eb8fe8dc4acaca282e41e4"}
,"/Volumes/Data/React Native/Assignmnet/RNAssesment/Git/Assesment/source/store/UserAction.js": {"path":"/Volumes/Data/React Native/Assignmnet/RNAssesment/Git/Assesment/source/store/UserAction.js","statementMap":{"0":{"start":{"line":1,"column":31},"end":{"line":1,"column":48}}},"fnMap":{},"branchMap":{},"s":{"0":1},"f":{},"b":{},"_coverageSchema":"1a1c01bbd47fc00a2c39e90264f33305004495a9","hash":"a47ef3b8a45e08b3c5d1180a024a67bb97e5876f"}
,"/Volumes/Data/React Native/Assignmnet/RNAssesment/Git/Assesment/source/store/UserReducer.js": {"path":"/Volumes/Data/React Native/Assignmnet/RNAssesment/Git/Assesment/source/store/UserReducer.js","statementMap":{"0":{"start":{"line":4,"column":21},"end":{"line":6,"column":1}},"1":{"start":{"line":9,"column":20},"end":{"line":20,"column":1}},"2":{"start":{"line":10,"column":4},"end":{"line":19,"column":5}},"3":{"start":{"line":12,"column":12},"end":{"line":15,"column":13}},"4":{"start":{"line":16,"column":12},"end":{"line":16,"column":17}},"5":{"start":{"line":18,"column":12},"end":{"line":18,"column":24}},"6":{"start":{"line":22,"column":26},"end":{"line":24,"column":1}},"7":{"start":{"line":23,"column":4},"end":{"line":23,"column":49}}},"fnMap":{"0":{"name":"(anonymous_0)","decl":{"start":{"line":9,"column":20},"end":{"line":9,"column":21}},"loc":{"start":{"line":9,"column":39},"end":{"line":20,"column":1}},"line":9},"1":{"name":"(anonymous_1)","decl":{"start":{"line":22,"column":26},"end":{"line":22,"column":27}},"loc":{"start":{"line":22,"column":32},"end":{"line":24,"column":1}},"line":22}},"branchMap":{"0":{"loc":{"start":{"line":10,"column":4},"end":{"line":19,"column":5}},"type":"switch","locations":[{"start":{"line":11,"column":8},"end":{"line":16,"column":17}},{"start":{"line":17,"column":8},"end":{"line":18,"column":24}}],"line":10}},"s":{"0":1,"1":1,"2":0,"3":0,"4":0,"5":0,"6":1,"7":0},"f":{"0":0,"1":0},"b":{"0":[0,0]},"_coverageSchema":"1a1c01bbd47fc00a2c39e90264f33305004495a9","hash":"876dfc0fd351ac128e75ff2df00fc28413988ce0"}
,"/Volumes/Data/React Native/Assignmnet/RNAssesment/Git/Assesment/source/utils/helper.js": {"path":"/Volumes/Data/React Native/Assignmnet/RNAssesment/Git/Assesment/source/utils/helper.js","statementMap":{"0":{"start":{"line":3,"column":24},"end":{"line":3,"column":50}},"1":{"start":{"line":6,"column":4},"end":{"line":6,"column":56}}},"fnMap":{"0":{"name":"isEmulator","decl":{"start":{"line":5,"column":16},"end":{"line":5,"column":26}},"loc":{"start":{"line":5,"column":29},"end":{"line":7,"column":1}},"line":5}},"branchMap":{"0":{"loc":{"start":{"line":6,"column":11},"end":{"line":6,"column":56}},"type":"binary-expr","locations":[{"start":{"line":6,"column":11},"end":{"line":6,"column":26}},{"start":{"line":6,"column":30},"end":{"line":6,"column":56}}],"line":6}},"s":{"0":1,"1":1},"f":{"0":1},"b":{"0":[1,0]},"_coverageSchema":"1a1c01bbd47fc00a2c39e90264f33305004495a9","hash":"9e28ee8f644048adbc796e4fced263f2b0c6e50b"}
}
