TN:
SF:source/components/FormButton.js
FN:8,(anonymous_0)
FN:11,(anonymous_1)
FN:44,(anonymous_2)
FNF:3
FNH:1
FNDA:1,(anonymous_0)
FNDA:0,(anonymous_1)
FNDA:0,(anonymous_2)
DA:8,1
DA:9,1
DA:10,1
DA:11,0
DA:17,1
DA:33,1
DA:40,1
LF:7
LH:6
BRDA:9,0,0,0
BRF:1
BRH:0
end_of_record
TN:
SF:source/components/FormSwipeButton.js
FN:8,(anonymous_0)
FN:17,(anonymous_1)
FN:20,(anonymous_2)
FN:21,(anonymous_3)
FN:24,(anonymous_4)
FN:27,(anonymous_5)
FN:30,(anonymous_6)
FN:41,(anonymous_7)
FN:42,(anonymous_8)
FN:46,(anonymous_9)
FN:50,(anonymous_10)
FN:56,(anonymous_11)
FN:60,(anonymous_12)
FN:63,(anonymous_13)
FN:69,(anonymous_14)
FN:103,(anonymous_15)
FNF:16
FNH:0
FNDA:0,(anonymous_0)
FNDA:0,(anonymous_1)
FNDA:0,(anonymous_2)
FNDA:0,(anonymous_3)
FNDA:0,(anonymous_4)
FNDA:0,(anonymous_5)
FNDA:0,(anonymous_6)
FNDA:0,(anonymous_7)
FNDA:0,(anonymous_8)
FNDA:0,(anonymous_9)
FNDA:0,(anonymous_10)
FNDA:0,(anonymous_11)
FNDA:0,(anonymous_12)
FNDA:0,(anonymous_13)
FNDA:0,(anonymous_14)
FNDA:0,(anonymous_15)
DA:9,0
DA:10,0
DA:11,0
DA:12,0
DA:16,0
DA:18,0
DA:20,0
DA:22,0
DA:25,0
DA:28,0
DA:31,0
DA:32,0
DA:33,0
DA:34,0
DA:35,0
DA:36,0
DA:37,0
DA:41,0
DA:43,0
DA:44,0
DA:46,0
DA:50,0
DA:51,0
DA:52,0
DA:53,0
DA:57,0
DA:61,0
DA:64,0
DA:70,0
DA:91,1
DA:99,1
LF:31
LH:2
BRDA:31,0,0,0
BRDA:31,0,1,0
BRDA:33,1,0,0
BRDA:33,1,1,0
BRDA:33,2,0,0
BRDA:33,2,1,0
BRDA:35,3,0,0
BRDA:35,3,1,0
BRDA:51,4,0,0
BRDA:51,4,1,0
BRF:10
BRH:0
end_of_record
TN:
SF:source/components/FormText.js
FN:5,(anonymous_0)
FNF:1
FNH:1
FNDA:2,(anonymous_0)
DA:5,1
DA:7,2
DA:9,2
DA:16,1
DA:22,1
LF:5
LH:5
BRF:0
BRH:0
end_of_record
TN:
SF:source/components/FormTextInput.js
FN:7,(anonymous_0)
FNF:1
FNH:1
FNDA:1,(anonymous_0)
DA:7,1
DA:9,1
DA:11,1
DA:21,1
DA:37,1
DA:42,1
LF:6
LH:6
BRF:0
BRH:0
end_of_record
TN:
SF:source/components/index.js
FNF:0
FNH:0
LF:0
LH:0
BRF:0
BRH:0
end_of_record
TN:
SF:source/constants/AppConstants.js
FNF:0
FNH:0
DA:3,1
LF:1
LH:1
BRF:0
BRH:0
end_of_record
TN:
SF:source/constants/ColorConstants.js
FNF:0
FNH:0
DA:1,1
LF:1
LH:1
BRF:0
BRH:0
end_of_record
TN:
SF:source/constants/FontSize.js
FNF:0
FNH:0
DA:3,1
LF:1
LH:1
BRF:0
BRH:0
end_of_record
TN:
SF:source/constants/NotificationMessage.js
FN:4,showSimpleMessage
FN:17,messageWithPosition
FNF:2
FNH:0
FNDA:0,showSimpleMessage
FNDA:0,messageWithPosition
DA:5,0
DA:14,0
DA:18,0
DA:26,0
DA:27,0
DA:29,0
DA:32,0
LF:7
LH:0
BRDA:4,0,0,0
BRDA:4,1,0,0
BRDA:17,2,0,0
BRDA:17,3,0,0
BRDA:17,4,0,0
BRDA:26,5,0,0
BRDA:26,5,1,0
BRF:7
BRH:0
end_of_record
TN:
SF:source/navigation/NavigationService.js
FN:6,navigate
FN:10,goBack
FN:14,replace
FN:18,push
FN:22,pop
FN:26,popToTop
FNF:6
FNH:0
FNDA:0,navigate
FNDA:0,goBack
FNDA:0,replace
FNDA:0,push
FNDA:0,pop
FNDA:0,popToTop
DA:4,1
DA:7,0
DA:11,0
DA:15,0
DA:19,0
DA:23,0
DA:27,0
LF:7
LH:1
BRDA:7,0,0,0
BRDA:7,0,1,0
BRDA:11,1,0,0
BRDA:11,1,1,0
BRDA:15,2,0,0
BRDA:15,2,1,0
BRDA:19,3,0,0
BRDA:19,3,1,0
BRDA:23,4,0,0
BRDA:23,4,1,0
BRDA:27,5,0,0
BRDA:27,5,1,0
BRF:12
BRH:0
end_of_record
TN:
SF:source/provider/UserProvider.js
FN:6,(anonymous_0)
FN:17,(anonymous_1)
FNF:2
FNH:1
FNDA:0,(anonymous_0)
FNDA:1,(anonymous_1)
DA:4,1
DA:6,1
DA:8,0
DA:10,0
DA:17,1
LF:5
LH:3
BRF:0
BRH:0
end_of_record
TN:
SF:source/screens/Welcome/Welcome.js
FN:15,(anonymous_0)
FN:23,onTapEnter
FN:32,isSimulator
FN:36,renderDeviceCheck
FN:55,(anonymous_4)
FN:57,(anonymous_5)
FNF:6
FNH:3
FNDA:1,(anonymous_0)
FNDA:0,onTapEnter
FNDA:1,isSimulator
FNDA:1,renderDeviceCheck
FNDA:0,(anonymous_4)
FNDA:0,(anonymous_5)
DA:15,1
DA:17,1
DA:19,1
DA:21,1
DA:24,0
DA:25,0
DA:26,0
DA:28,0
DA:29,0
DA:33,1
DA:37,1
DA:45,1
DA:55,0
DA:57,0
DA:63,1
LF:15
LH:8
BRDA:19,0,0,1
BRDA:19,0,1,0
BRDA:24,1,0,0
BRDA:24,1,1,0
BRDA:33,2,0,0
BRDA:33,2,1,1
BRF:6
BRH:2
end_of_record
TN:
SF:source/store/UserAction.js
FNF:0
FNH:0
DA:1,1
LF:1
LH:1
BRF:0
BRH:0
end_of_record
TN:
SF:source/store/UserReducer.js
FN:9,(anonymous_0)
FN:22,(anonymous_1)
FNF:2
FNH:0
FNDA:0,(anonymous_0)
FNDA:0,(anonymous_1)
DA:4,1
DA:9,1
DA:10,0
DA:12,0
DA:16,0
DA:18,0
DA:22,1
DA:23,0
LF:8
LH:3
BRDA:10,0,0,0
BRDA:10,0,1,0
BRF:2
BRH:0
end_of_record
TN:
SF:source/utils/helper.js
FN:5,isEmulator
FNF:1
FNH:1
FNDA:1,isEmulator
DA:3,1
DA:6,1
LF:2
LH:2
BRDA:6,0,0,1
BRDA:6,0,1,0
BRF:2
BRH:1
end_of_record
